<?xml version="1.0" encoding="UTF-8"?>
<!-- Generated by org.testng.reporters.JUnitReportReporter -->
<testsuite skipped="0" hostname="DESKTOP-GJP5FA5" name="training.TestPetAPI" tests="1" failures="0" timestamp="06 Jul 2021 04:12:27 GMT" time="9.098" errors="0">
  <testcase name="GetPetDetails" time="9.098" classname="training.TestPetAPI"/>
</testsuite> <!-- training.TestPetAPI -->
