<?xml version="1.0" encoding="UTF-8"?>
<!-- Generated by org.testng.reporters.JUnitReportReporter -->
<testsuite skipped="0" hostname="DESKTOP-GJP5FA5" name="training.GitHubSSHKey" tests="3" failures="0" timestamp="09 Jul 2021 11:11:08 GMT" time="6.658" errors="0">
  <testcase name="postSSH" time="4.789" classname="training.GitHubSSHKey"/>
  <testcase name="getSSHKey" time="1.015" classname="training.GitHubSSHKey"/>
  <testcase name="deleteSShKey" time="0.854" classname="training.GitHubSSHKey"/>
</testsuite> <!-- training.GitHubSSHKey -->
